<?xml version="1.0" encoding="UTF-8"?>
<testsuite xmlns:xsi="http://www.w3.org/2001/XMLSchema-instance" xsi:noNamespaceSchemaLocation="https://maven.apache.org/surefire/maven-surefire-plugin/xsd/surefire-test-report.xsd" name="training.CheckDivisibilityTest" time="0.123" tests="2" errors="0" skipped="0" failures="0">
  <properties>
    <property name="java.specification.version" value="14"/>
    <property name="sun.jnu.encoding" value="UTF-8"/>
    <property name="java.class.path" value="/Users/shirishasingh/Desktop/sapient_courses/udemy_courses/assignment-1/assignment-example/target/test-classes:/Users/shirishasingh/Desktop/sapient_courses/udemy_courses/assignment-1/assignment-example/target/classes:/Users/shirishasingh/.m2/repository/junit/junit/4.11/junit-4.11.jar:/Users/shirishasingh/.m2/repository/org/hamcrest/hamcrest-core/1.3/hamcrest-core-1.3.jar:"/>
    <property name="java.vm.vendor" value="Oracle Corporation"/>
    <property name="sun.arch.data.model" value="64"/>
    <property name="java.vendor.url" value="https://java.oracle.com/"/>
    <property name="os.name" value="Mac OS X"/>
    <property name="java.vm.specification.version" value="14"/>
    <property name="sun.java.launcher" value="SUN_STANDARD"/>
    <property name="user.country" value="IN"/>
    <property name="sun.boot.library.path" value="/Library/Java/JavaVirtualMachines/openjdk-14.jdk/Contents/Home/lib"/>
    <property name="sun.java.command" value="/Users/shirishasingh/Desktop/sapient_courses/udemy_courses/assignment-1/assignment-example/target/surefire/surefirebooter4286860042171762090.jar /Users/shirishasingh/Desktop/sapient_courses/udemy_courses/assignment-1/assignment-example/target/surefire 2020-04-11T11-37-11_103-jvmRun1 surefire3658842743309687616tmp surefire_03692083714845244229tmp"/>
    <property name="http.nonProxyHosts" value="local|*.local|169.254/16|*.169.254/16"/>
    <property name="jdk.debug" value="release"/>
    <property name="surefire.test.class.path" value="/Users/shirishasingh/Desktop/sapient_courses/udemy_courses/assignment-1/assignment-example/target/test-classes:/Users/shirishasingh/Desktop/sapient_courses/udemy_courses/assignment-1/assignment-example/target/classes:/Users/shirishasingh/.m2/repository/junit/junit/4.11/junit-4.11.jar:/Users/shirishasingh/.m2/repository/org/hamcrest/hamcrest-core/1.3/hamcrest-core-1.3.jar:"/>
    <property name="sun.cpu.endian" value="little"/>
    <property name="user.home" value="/Users/shirishasingh"/>
    <property name="user.language" value="en"/>
    <property name="java.specification.vendor" value="Oracle Corporation"/>
    <property name="java.version.date" value="2020-03-17"/>
    <property name="java.home" value="/Library/Java/JavaVirtualMachines/openjdk-14.jdk/Contents/Home"/>
    <property name="file.separator" value="/"/>
    <property name="basedir" value="/Users/shirishasingh/Desktop/sapient_courses/udemy_courses/assignment-1/assignment-example"/>
    <property name="java.vm.compressedOopsMode" value="Zero based"/>
    <property name="line.separator" value="&#10;"/>
    <property name="java.specification.name" value="Java Platform API Specification"/>
    <property name="java.vm.specification.vendor" value="Oracle Corporation"/>
    <property name="surefire.real.class.path" value="/Users/shirishasingh/Desktop/sapient_courses/udemy_courses/assignment-1/assignment-example/target/surefire/surefirebooter4286860042171762090.jar"/>
    <property name="sun.management.compiler" value="HotSpot 64-Bit Tiered Compilers"/>
    <property name="ftp.nonProxyHosts" value="local|*.local|169.254/16|*.169.254/16"/>
    <property name="java.runtime.version" value="14+36-1461"/>
    <property name="user.name" value="shirishasingh"/>
    <property name="path.separator" value=":"/>
    <property name="os.version" value="10.14.5"/>
    <property name="java.runtime.name" value="OpenJDK Runtime Environment"/>
    <property name="file.encoding" value="UTF-8"/>
    <property name="java.vm.name" value="OpenJDK 64-Bit Server VM"/>
    <property name="localRepository" value="/Users/shirishasingh/.m2/repository"/>
    <property name="java.vendor.url.bug" value="https://bugreport.java.com/bugreport/"/>
    <property name="java.io.tmpdir" value="/var/folders/vr/pl8kz2vn48v857qk7y4yy8hw0000gn/T/"/>
    <property name="java.version" value="14"/>
    <property name="user.dir" value="/Users/shirishasingh/Desktop/sapient_courses/udemy_courses/assignment-1/assignment-example"/>
    <property name="os.arch" value="x86_64"/>
    <property name="java.vm.specification.name" value="Java Virtual Machine Specification"/>
    <property name="java.library.path" value="/Users/shirishasingh/Library/Java/Extensions:/Library/Java/Extensions:/Network/Library/Java/Extensions:/System/Library/Java/Extensions:/usr/lib/java:."/>
    <property name="java.vm.info" value="mixed mode, sharing"/>
    <property name="java.vendor" value="Oracle Corporation"/>
    <property name="java.vm.version" value="14+36-1461"/>
    <property name="sun.io.unicode.encoding" value="UnicodeBig"/>
    <property name="socksNonProxyHosts" value="local|*.local|169.254/16|*.169.254/16"/>
    <property name="java.class.version" value="58.0"/>
  </properties>
  <testcase name="testDivisible" classname="training.CheckDivisibilityTest" time="0.002"/>
  <testcase name="testNotDivisible" classname="training.CheckDivisibilityTest" time="0"/>
</testsuite>